  InitMyForm.cpp
  main.cpp
  MyForm.cpp
c:\opencv320\opencv\build\include\opencv2\flann\logger.h(66): warning C4996: 'fopen': This function or variable may be unsafe. Consider using fopen_s instead. To disable deprecation, use _CRT_SECURE_NO_WARNINGS. See online help for details.
  C:\Program Files (x86)\Windows Kits\10\Include\10.0.10240.0\ucrt\stdio.h(205): note: 参见“fopen”的声明
MyForm.cpp(80): warning C4267: “初始化”: 从“size_t”转换到“int”，可能丢失数据
MyForm.cpp(166): warning C4244: “参数”: 从“double”转换到“int”，可能丢失数据
  正在生成代码...
c:\opencv320\opencv\build\include\opencv2\core\cvstd.hpp(596): warning C4793: “cv::String::String”: 编译为本机的函数:
  	托管代码中发现一个不受支持的内部函数
c:\opencv320\opencv\build\include\opencv2\core\cuda.inl.hpp(105): warning C4793: “cv::cuda::GpuMat::GpuMat”: 编译为本机的函数:
  	托管代码中发现一个不受支持的内部函数
c:\opencv320\opencv\build\include\opencv2\core\cuda.inl.hpp(395): warning C4793: “cv::cuda::HostMem::HostMem”: 编译为本机的函数:
  	托管代码中发现一个不受支持的内部函数
c:\opencv320\opencv\build\include\opencv2\core\mat.inl.hpp(413): warning C4793: “cv::Mat::Mat”: 编译为本机的函数:
  	托管代码中发现一个不受支持的内部函数
c:\opencv320\opencv\build\include\opencv2\core\mat.inl.hpp(703): warning C4793: “cv::Mat::release”: 编译为本机的函数:
  	托管代码中发现一个不受支持的内部函数
c:\opencv320\opencv\build\include\opencv2\core\mat.inl.hpp(1929): warning C4793: “cv::SparseMat::addref”: 编译为本机的函数:
  	托管代码中发现一个不受支持的内部函数
c:\opencv320\opencv\build\include\opencv2\core\mat.inl.hpp(3530): warning C4793: “cv::UMat::addref”: 编译为本机的函数:
  	托管代码中发现一个不受支持的内部函数
c:\opencv320\opencv\build\include\opencv2\core\ptr.inl.hpp(67): warning C4793: “cv::detail::PtrOwner::incRef”: 编译为本机的函数:
  	托管代码中发现一个不受支持的内部函数
c:\opencv320\opencv\build\include\opencv2\core\ptr.inl.hpp(72): warning C4793: “cv::detail::PtrOwner::decRef”: 编译为本机的函数:
  	托管代码中发现一个不受支持的内部函数
c:\opencv320\opencv\build\include\opencv2\core\cvstd.hpp(673): warning C4793: “cv::String::operator=”: 编译为本机的函数:
  	托管代码中发现一个不受支持的内部函数
  .NETFramework,Version=v4.5.2.AssemblyAttributes.cpp
  InitMyForm.obj :托管的代码存在时 /DEBUG:FASTLINK 不受支持；正在重新启动与 /DEBUG:FULL 的链接
  FittingCurve.vcxproj -> E:\代码\FittingCurve\x64\Debug\FittingCurve.exe
  FittingCurve.vcxproj -> E:\代码\FittingCurve\x64\Debug\FittingCurve.pdb (Partial PDB)
